<?xml version="1.0" encoding="UTF-8"?>
<testsuite name="com.example.hello_selenium_java.Test3robobarTest" tests="1" skipped="0" failures="0" errors="0" timestamp="2021-02-03T14:29:13" hostname="ubuntu" time="15.058">
  <properties/>
  <testcase name="test3robobar()" classname="com.example.hello_selenium_java.Test3robobarTest" time="15.058"/>
  <system-out><![CDATA[total=€1.25
total=€3.25
total=€6.25
Roba Cola total=€1.25
Robo Beer total=€2.00
Rob Wine total=€3.00
]]></system-out>
  <system-err><![CDATA[1612362554524	geckodriver	INFO	Listening on 127.0.0.1:22276
1612362555790	mozrunner::runner	INFO	Running command: "/usr/lib/firefox/firefox" "--marionette" "-foreground" "-no-remote" "-profile" "/tmp/rust_mozprofilefFYs5f"
console.warn: SearchSettings: "get: No settings file exists, new profile?" (new Error("", "(unknown module)"))
1612362561378	Marionette	INFO	Listening on port 34589
1612362561451	Marionette	WARN	TLS certificate errors will be ignored for this session
Feb 03, 2021 3:29:21 PM org.openqa.selenium.remote.ProtocolHandshake createSession
INFO: Detected dialect: W3C
JavaScript error: , line 0: NotFoundError: No such JSWindowActor 'MarionetteEvents'
JavaScript error: resource://gre/modules/XULStore.jsm, line 66: Error: Can't find profile directory.
JavaScript error: resource://gre/modules/XULStore.jsm, line 66: Error: Can't find profile directory.
1612362566532	Marionette	INFO	Stopped listening on port 34589
JavaScript error: resource://gre/modules/AsyncShutdown.jsm, line 573: NotFoundError: No such JSWindowActor 'MarionetteCommands'

###!!! [Child][RunMessage] Error: Channel closing: too late to send/recv, messages will be lost

]]></system-err>
</testsuite>
