<?xml version="1.0" encoding="UTF-8"?>
<testsuite name="com.example.hello_selenium_java.SerachTest" tests="1" skipped="0" failures="0" errors="0" timestamp="2021-02-03T15:17:09" hostname="ubuntu" time="17.997">
  <properties/>
  <testcase name="searchdevops()" classname="com.example.hello_selenium_java.SerachTest" time="17.997"/>
  <system-out><![CDATA[]]></system-out>
  <system-err><![CDATA[1612365429768	geckodriver	INFO	Listening on 127.0.0.1:20318
1612365429807	mozrunner::runner	INFO	Running command: "/usr/lib/firefox/firefox" "--marionette" "-foreground" "-no-remote" "-profile" "/tmp/rust_mozprofile1H2w3l"
console.warn: SearchSettings: "get: No settings file exists, new profile?" (new Error("", "(unknown module)"))
1612365437612	Marionette	INFO	Listening on port 32973
1612365437707	Marionette	WARN	TLS certificate errors will be ignored for this session
Feb 03, 2021 4:17:17 PM org.openqa.selenium.remote.ProtocolHandshake createSession
INFO: Detected dialect: W3C
1612365445363	Marionette	INFO	Stopped listening on port 32973
]]></system-err>
</testsuite>
