<?xml version="1.0" encoding="UTF-8"?>
<testsuite name="com.example.hello_selenium_java.SearchTestChrome" tests="1" skipped="0" failures="0" errors="0" timestamp="2021-02-05T12:53:46" hostname="ubuntu" time="11.269">
  <properties/>
  <testcase name="searchdevops()" classname="com.example.hello_selenium_java.SearchTestChrome" time="11.269"/>
  <system-out><![CDATA[]]></system-out>
  <system-err><![CDATA[Feb 05, 2021 1:53:49 PM org.openqa.selenium.remote.ProtocolHandshake createSession
INFO: Detected dialect: W3C
]]></system-err>
</testsuite>
