<?xml version="1.0" encoding="UTF-8"?>
<testsuite name="com.example.hello_selenium_java.ImdbTestRemoteOpera" tests="1" skipped="0" failures="0" errors="0" timestamp="2021-02-05T12:52:58" hostname="ubuntu" time="47.3">
  <properties/>
  <testcase name="imdb()" classname="com.example.hello_selenium_java.ImdbTestRemoteOpera" time="47.3"/>
  <system-out><![CDATA[]]></system-out>
  <system-err><![CDATA[Feb 05, 2021 1:53:03 PM org.openqa.selenium.remote.ProtocolHandshake createSession
INFO: Detected dialect: OSS
]]></system-err>
</testsuite>
