<?xml version="1.0" encoding="UTF-8"?>
<testsuite name="com.example.hello_selenium_java.ImdbTestRemoteFirefox" tests="1" skipped="0" failures="0" errors="0" timestamp="2021-02-05T12:51:34" hostname="ubuntu" time="45.744">
  <properties/>
  <testcase name="imdb()" classname="com.example.hello_selenium_java.ImdbTestRemoteFirefox" time="45.744"/>
  <system-out><![CDATA[]]></system-out>
  <system-err><![CDATA[Feb 05, 2021 1:51:43 PM org.openqa.selenium.remote.ProtocolHandshake createSession
INFO: Detected dialect: W3C
]]></system-err>
</testsuite>
