<?xml version="1.0" encoding="UTF-8"?>
<testsuite name="com.example.hello_selenium_java.SerachTest" tests="1" skipped="0" failures="0" errors="0" timestamp="2021-02-03T10:39:07" hostname="ubuntu" time="13.475">
  <properties/>
  <testcase name="searchdevops()" classname="com.example.hello_selenium_java.SerachTest" time="13.475"/>
  <system-out><![CDATA[]]></system-out>
  <system-err><![CDATA[1612348747523	geckodriver	INFO	Listening on 127.0.0.1:14482
1612348747535	mozrunner::runner	INFO	Running command: "/usr/lib/firefox/firefox" "--marionette" "-foreground" "-no-remote" "-profile" "/tmp/rust_mozprofileqZOjCK"
console.warn: SearchSettings: "get: No settings file exists, new profile?" (new Error("", "(unknown module)"))
1612348753432	Marionette	INFO	Listening on port 45283
1612348753545	Marionette	WARN	TLS certificate errors will be ignored for this session
Feb 03, 2021 11:39:13 AM org.openqa.selenium.remote.ProtocolHandshake createSession
INFO: Detected dialect: W3C
1612348758223	Marionette	INFO	Stopped listening on port 45283

###!!! [Child][MessageChannel] Error: (msgtype=0x3A0144,name=PContent::Msg_ScriptError) Channel closing: too late to send/recv, messages will be lost


###!!! [Child][MessageChannel] Error: (msgtype=0x3A0144,name=PContent::Msg_ScriptError) Channel closing: too late to send/recv, messages will be lost

]]></system-err>
</testsuite>
