<?xml version="1.0" encoding="UTF-8"?>
<testsuite name="com.example.hello_selenium_java.ImdbTest" tests="1" skipped="0" failures="0" errors="0" timestamp="2021-02-03T16:37:22" hostname="ubuntu" time="49.654">
  <properties/>
  <testcase name="imdb()" classname="com.example.hello_selenium_java.ImdbTest" time="49.654"/>
  <system-out><![CDATA[]]></system-out>
  <system-err><![CDATA[1612370244652	geckodriver	INFO	Listening on 127.0.0.1:5247
1612370245951	mozrunner::runner	INFO	Running command: "/usr/lib/firefox/firefox" "--marionette" "-foreground" "-no-remote" "-profile" "/tmp/rust_mozprofileNTf4ks"
console.warn: SearchSettings: "get: No settings file exists, new profile?" (new Error("", "(unknown module)"))
1612370252039	Marionette	INFO	Listening on port 43865
1612370252150	Marionette	WARN	TLS certificate errors will be ignored for this session
Feb 03, 2021 5:37:32 PM org.openqa.selenium.remote.ProtocolHandshake createSession
INFO: Detected dialect: W3C
JavaScript error: https://m.media-amazon.com/images/S/sash/Q$vpA-vTfEkXQYW.js, line 14: ReferenceError: jQuery is not defined
JavaScript error: https://m.media-amazon.com/images/S/sash/ZUZW9TDTNRohB7J.js, line 1: Error: Cannot find module 'jquery'
JavaScript error: https://m.media-amazon.com/images/I/61I7bE3sgdL.js, line 1: TypeError: e[t] is undefined
1612370289800	Marionette	INFO	Stopped listening on port 43865
]]></system-err>
</testsuite>
