<?xml version="1.0" encoding="UTF-8"?>
<testsuite name="com.example.hello_selenium_java.SearchTestChrome" tests="1" skipped="0" failures="0" errors="0" timestamp="2021-02-05T09:58:22" hostname="ubuntu" time="74.184">
  <properties/>
  <testcase name="searchdevops()" classname="com.example.hello_selenium_java.SearchTestChrome" time="74.184"/>
  <system-out><![CDATA[]]></system-out>
  <system-err><![CDATA[Feb 05, 2021 10:59:02 AM org.openqa.selenium.remote.ProtocolHandshake createSession
INFO: Detected dialect: W3C
]]></system-err>
</testsuite>
