<?xml version="1.0" encoding="UTF-8"?>
<testsuite name="com.example.hello_selenium_java.SerachTest" tests="1" skipped="0" failures="0" errors="0" timestamp="2021-02-03T14:46:58" hostname="ubuntu" time="17.245">
  <properties/>
  <testcase name="searchdevops()" classname="com.example.hello_selenium_java.SerachTest" time="17.245"/>
  <system-out><![CDATA[]]></system-out>
  <system-err><![CDATA[1612363619786	geckodriver	INFO	Listening on 127.0.0.1:19812
1612363620691	mozrunner::runner	INFO	Running command: "/usr/lib/firefox/firefox" "--marionette" "-foreground" "-no-remote" "-profile" "/tmp/rust_mozprofilesiMS5W"
console.warn: SearchSettings: "get: No settings file exists, new profile?" (new Error("", "(unknown module)"))
1612363626262	Marionette	INFO	Listening on port 43171
1612363626376	Marionette	WARN	TLS certificate errors will be ignored for this session
Feb 03, 2021 3:47:06 PM org.openqa.selenium.remote.ProtocolHandshake createSession
INFO: Detected dialect: W3C
1612363633127	Marionette	INFO	Stopped listening on port 43171
]]></system-err>
</testsuite>
