<?xml version="1.0" encoding="UTF-8"?>
<testsuite name="com.example.hello_selenium_java.SearchTestOpera" tests="1" skipped="0" failures="0" errors="0" timestamp="2021-02-05T10:02:19" hostname="ubuntu" time="66.937">
  <properties/>
  <testcase name="searchdevops()" classname="com.example.hello_selenium_java.SearchTestOpera" time="66.937"/>
  <system-out><![CDATA[]]></system-out>
  <system-err><![CDATA[Feb 05, 2021 11:02:40 AM org.openqa.selenium.remote.ProtocolHandshake createSession
INFO: Detected dialect: OSS
]]></system-err>
</testsuite>
