<?xml version="1.0" encoding="UTF-8"?>
<testsuite name="com.example.hello_selenium_java.Test3robobarTest" tests="1" skipped="0" failures="0" errors="0" timestamp="2021-02-03T15:36:43" hostname="ubuntu" time="19.109">
  <properties/>
  <testcase name="test3robobar()" classname="com.example.hello_selenium_java.Test3robobarTest" time="19.109"/>
  <system-out><![CDATA[total=€1.25
total=€3.25
total=€6.25
Roba Cola total=€1.25
Robo Beer total=€2.00
Rob Wine total=€3.00
]]></system-out>
  <system-err><![CDATA[1612366604748	geckodriver	INFO	Listening on 127.0.0.1:13498
1612366605937	mozrunner::runner	INFO	Running command: "/usr/lib/firefox/firefox" "--marionette" "-foreground" "-no-remote" "-profile" "/tmp/rust_mozprofileBwkQFC"
console.warn: SearchSettings: "get: No settings file exists, new profile?" (new Error("", "(unknown module)"))
1612366613605	Marionette	INFO	Listening on port 37567
1612366613727	Marionette	WARN	TLS certificate errors will be ignored for this session
Feb 03, 2021 4:36:53 PM org.openqa.selenium.remote.ProtocolHandshake createSession
INFO: Detected dialect: W3C
JavaScript error: , line 0: NotFoundError: No such JSWindowActor 'MarionetteEvents'
JavaScript error: resource://gre/modules/XULStore.jsm, line 66: Error: Can't find profile directory.
JavaScript error: resource://gre/modules/XULStore.jsm, line 66: Error: Can't find profile directory.
1612366620079	Marionette	INFO	Stopped listening on port 37567

###!!! [Child][RunMessage] Error: Channel closing: too late to send/recv, messages will be lost

]]></system-err>
</testsuite>
