<?xml version="1.0" encoding="UTF-8"?>
<testsuite name="com.example.hello_selenium_java.ImdbTestRemoteOpera" tests="1" skipped="0" failures="0" errors="0" timestamp="2021-02-05T09:56:46" hostname="ubuntu" time="67.314">
  <properties/>
  <testcase name="imdb()" classname="com.example.hello_selenium_java.ImdbTestRemoteOpera" time="67.314"/>
  <system-out><![CDATA[]]></system-out>
  <system-err><![CDATA[Feb 05, 2021 10:57:00 AM org.openqa.selenium.remote.ProtocolHandshake createSession
INFO: Detected dialect: OSS
]]></system-err>
</testsuite>
