<?xml version="1.0" encoding="UTF-8"?>
<testsuite name="com.example.hello_selenium_java.TestRobobarFiirefox" tests="1" skipped="0" failures="0" errors="0" timestamp="2021-02-05T12:52:39" hostname="ubuntu" time="19.806">
  <properties/>
  <testcase name="test3robobar()" classname="com.example.hello_selenium_java.TestRobobarFiirefox" time="19.806"/>
  <system-out><![CDATA[total=€1.25
total=€3.25
total=€6.25
Roba Cola total=€1.25
Robo Beer total=€2.00
Rob Wine total=€3.00
]]></system-out>
  <system-err><![CDATA[Feb 05, 2021 1:52:50 PM org.openqa.selenium.remote.ProtocolHandshake createSession
INFO: Detected dialect: W3C
]]></system-err>
</testsuite>
